GAS LISTING /tmp/cclr84cX.s 			page 1


   1              		.file	"main.cpp"
   2              		.option pic
   3              		.option norelax
   4              		.text
   5              	.Ltext0:
   6              		.align	2
   7              		.globl	main
   9              	main:
  10              	.LFB14:
  11              		.file 1 "src/main.cpp"
   1:src/main.cpp  **** #include "../lib/console.h"
   2:src/main.cpp  **** #include "../lib/hw.h"
   3:src/main.cpp  **** #include "../h/syscall_c.h"
   4:src/main.cpp  **** #include "../h/print.h"
   5:src/main.cpp  **** #include "../h/kernel.h"
   6:src/main.cpp  **** #include "../h/riscv.h"
   7:src/main.cpp  **** 
   8:src/main.cpp  **** 
   9:src/main.cpp  **** 
  10:src/main.cpp  **** void main() {
  12              		.loc 1 10 13
  13              		.cfi_startproc
  14 0000 130101FF 		addi	sp,sp,-16
  15              		.cfi_def_cfa_offset 16
  16 0004 23341100 		sd	ra,8(sp)
  17 0008 23308100 		sd	s0,0(sp)
  18              		.cfi_offset 1, -8
  19              		.cfi_offset 8, -16
  20 000c 13040101 		addi	s0,sp,16
  21              		.cfi_def_cfa 8, 0
  11:src/main.cpp  ****     Kernel::initKernel();
  22              		.loc 1 11 5
  23              		.loc 1 11 23 is_stmt 0
  24 0010 97000000 		call	_ZN6Kernel10initKernelEv@plt
  24      E7800000 
  25              	.LVL0:
  12:src/main.cpp  ****     //int* i = (int*) mem_alloc(sizeof (int));
  13:src/main.cpp  ****     int* i = (int*)HEAP_START_ADDR + 1;
  26              		.loc 1 13 5 is_stmt 1
  14:src/main.cpp  ****     int test = (int*)HEAP_START_ADDR - (int*)i;
  27              		.loc 1 14 5
  15:src/main.cpp  ****     printInt(test);
  28              		.loc 1 15 5
  29              		.loc 1 15 13 is_stmt 0
  30 0018 1305F0FF 		li	a0,-1
  31 001c 97000000 		call	_Z8printIntx@plt
  31      E7800000 
  32              	.LVL1:
  16:src/main.cpp  ****     //__putc(*i);
  17:src/main.cpp  ****     //mem_free(i);
  18:src/main.cpp  **** }...
  33              		.loc 1 18 1
  34 0024 83308100 		ld	ra,8(sp)
  35              		.cfi_restore 1
  36 0028 03340100 		ld	s0,0(sp)
  37              		.cfi_restore 8
  38              		.cfi_def_cfa 2, 16
GAS LISTING /tmp/cclr84cX.s 			page 2


  39 002c 13010101 		addi	sp,sp,16
  40              		.cfi_def_cfa_offset 0
  41 0030 67800000 		jr	ra
  42              		.cfi_endproc
  43              	.LFE14:
  45              	.Letext0:
  46              		.file 2 "src/../lib/hw.h"
  47              		.file 3 "src/../h/kernel.h"
  48              		.file 4 "src/../h/syscall_c.h"
  49              		.file 5 "src/../h/print.h"
GAS LISTING /tmp/cclr84cX.s 			page 3


DEFINED SYMBOLS
                            *ABS*:0000000000000000 main.cpp
     /tmp/cclr84cX.s:9      .text:0000000000000000 main
     /tmp/cclr84cX.s:13     .text:0000000000000000 .L0 
     /tmp/cclr84cX.s:14     .text:0000000000000000 .L0 
     /tmp/cclr84cX.s:15     .text:0000000000000004 .L0 
     /tmp/cclr84cX.s:18     .text:000000000000000c .L0 
     /tmp/cclr84cX.s:19     .text:000000000000000c .L0 
     /tmp/cclr84cX.s:21     .text:0000000000000010 .L0 
     /tmp/cclr84cX.s:23     .text:0000000000000010 .L0 
     /tmp/cclr84cX.s:24     .text:0000000000000010 .L0 
     /tmp/cclr84cX.s:27     .text:0000000000000018 .L0 
     /tmp/cclr84cX.s:28     .text:0000000000000018 .L0 
     /tmp/cclr84cX.s:29     .text:0000000000000018 .L0 
     /tmp/cclr84cX.s:30     .text:0000000000000018 .L0 
     /tmp/cclr84cX.s:34     .text:0000000000000024 .L0 
     /tmp/cclr84cX.s:35     .text:0000000000000028 .L0 
     /tmp/cclr84cX.s:37     .text:000000000000002c .L0 
     /tmp/cclr84cX.s:38     .text:000000000000002c .L0 
     /tmp/cclr84cX.s:40     .text:0000000000000030 .L0 
     /tmp/cclr84cX.s:42     .text:0000000000000034 .L0 
     /tmp/cclr84cX.s:50     .text:0000000000000034 .L0 
     /tmp/cclr84cX.s:267    .debug_abbrev:0000000000000000 .Ldebug_abbrev0
     /tmp/cclr84cX.s:607    .debug_str:000000000000007f .LASF26
     /tmp/cclr84cX.s:635    .debug_str:0000000000000202 .LASF27
     /tmp/cclr84cX.s:605    .debug_str:000000000000005f .LASF28
     /tmp/cclr84cX.s:5      .text:0000000000000000 .Ltext0
     /tmp/cclr84cX.s:45     .text:0000000000000034 .Letext0
     /tmp/cclr84cX.s:589    .debug_line:0000000000000000 .Ldebug_line0
     /tmp/cclr84cX.s:637    .debug_str:000000000000020f .LASF0
     /tmp/cclr84cX.s:623    .debug_str:0000000000000192 .LASF1
     /tmp/cclr84cX.s:619    .debug_str:0000000000000172 .LASF2
     /tmp/cclr84cX.s:601    .debug_str:0000000000000034 .LASF4
     /tmp/cclr84cX.s:621    .debug_str:0000000000000180 .LASF3
     /tmp/cclr84cX.s:595    .debug_str:0000000000000018 .LASF5
     /tmp/cclr84cX.s:591    .debug_str:0000000000000000 .LASF6
     /tmp/cclr84cX.s:613    .debug_str:0000000000000147 .LASF7
     /tmp/cclr84cX.s:643    .debug_str:0000000000000247 .LASF8
     /tmp/cclr84cX.s:599    .debug_str:0000000000000026 .LASF9
     /tmp/cclr84cX.s:655    .debug_str:00000000000002a7 .LASF10
     /tmp/cclr84cX.s:615    .debug_str:000000000000015a .LASF11
     /tmp/cclr84cX.s:651    .debug_str:0000000000000288 .LASF12
     /tmp/cclr84cX.s:647    .debug_str:000000000000026d .LASF13
     /tmp/cclr84cX.s:625    .debug_str:00000000000001a5 .LASF14
     /tmp/cclr84cX.s:609    .debug_str:0000000000000121 .LASF15
     /tmp/cclr84cX.s:645    .debug_str:0000000000000257 .LASF16
     /tmp/cclr84cX.s:597    .debug_str:000000000000001f .LASF29
     /tmp/cclr84cX.s:649    .debug_str:000000000000027d .LASF17
     /tmp/cclr84cX.s:631    .debug_str:00000000000001e4 .LASF19
     /tmp/cclr84cX.s:653    .debug_str:0000000000000298 .LASF18
     /tmp/cclr84cX.s:629    .debug_str:00000000000001c7 .LASF20
     /tmp/cclr84cX.s:627    .debug_str:00000000000001b1 .LASF21
     /tmp/cclr84cX.s:603    .debug_str:000000000000003b .LASF23
     /tmp/cclr84cX.s:611    .debug_str:0000000000000137 .LASF22
     /tmp/cclr84cX.s:639    .debug_str:000000000000021c .LASF24
     /tmp/cclr84cX.s:633    .debug_str:00000000000001fd .LASF30
     /tmp/cclr84cX.s:10     .text:0000000000000000 .LFB14
GAS LISTING /tmp/cclr84cX.s 			page 4


     /tmp/cclr84cX.s:43     .text:0000000000000034 .LFE14
     /tmp/cclr84cX.s:593    .debug_str:0000000000000013 .LASF25
     /tmp/cclr84cX.s:25     .text:0000000000000018 .LVL0
     /tmp/cclr84cX.s:32     .text:0000000000000024 .LVL1
     /tmp/cclr84cX.s:641    .debug_str:000000000000023a .LASF31
     /tmp/cclr84cX.s:617    .debug_str:0000000000000169 .LASF32
     /tmp/cclr84cX.s:51     .debug_info:0000000000000000 .Ldebug_info0

UNDEFINED SYMBOLS
_ZN6Kernel10initKernelEv
_Z8printIntx
