GAS LISTING /tmp/ccM6ZQyD.s 			page 1


   1              		.file	"riscv.cpp"
   2              		.option pic
   3              		.option norelax
   4              		.text
   5              	.Ltext0:
   6              		.align	2
   7              		.globl	_ZN5RiscV10popSppSpieEv
   9              	_ZN5RiscV10popSppSpieEv:
  10              	.LFB14:
  11              		.file 1 "src/riscv.cpp"
   1:src/riscv.cpp **** //
   2:src/riscv.cpp **** // Created by os on 9/6/22.
   3:src/riscv.cpp **** //
   4:src/riscv.cpp **** 
   5:src/riscv.cpp **** #include "../h/riscv.h"
   6:src/riscv.cpp **** 
   7:src/riscv.cpp **** // definition of: 'inline void RiscV::pushRegisters();' is in util.S
   8:src/riscv.cpp **** 
   9:src/riscv.cpp **** // definition of: 'inline void RiscV::popRegisters();' is in util.S
  10:src/riscv.cpp **** 
  11:src/riscv.cpp **** void RiscV::popSppSpie()
  12:src/riscv.cpp **** {
  12              		.loc 1 12 1
  13              		.cfi_startproc
  14 0000 130101FF 		addi	sp,sp,-16
  15              		.cfi_def_cfa_offset 16
  16 0004 23348100 		sd	s0,8(sp)
  17              		.cfi_offset 8, -8
  18 0008 13040101 		addi	s0,sp,16
  19              		.cfi_def_cfa 8, 0
  13:src/riscv.cpp ****     __asm__ volatile ("csrw sepc, ra");
  20              		.loc 1 13 5
  21              		.loc 1 13 39 is_stmt 0
  22              	#APP
  23              	# 13 "src/riscv.cpp" 1
  14              	    __asm__ volatile ("sret");
  24              		csrw sepc, ra
  25              	# 0 "" 2
  26              		.loc 1 14 5 is_stmt 1
  27              		.loc 1 14 30 is_stmt 0
  28              	# 14 "src/riscv.cpp" 1
  15              	}...
  29              		sret
  30              	# 0 "" 2
  31              		.loc 1 15 1
  32              	#NO_APP
  33 0014 03348100 		ld	s0,8(sp)
  34              		.cfi_restore 8
  35              		.cfi_def_cfa 2, 16
  36 0018 13010101 		addi	sp,sp,16
  37              		.cfi_def_cfa_offset 0
  38 001c 67800000 		jr	ra
  39              		.cfi_endproc
  40              	.LFE14:
  42              	.Letext0:
  43              		.file 2 "src/../h/../lib/hw.h"
  44              		.file 3 "src/../h/riscv.h"
GAS LISTING /tmp/ccM6ZQyD.s 			page 2


GAS LISTING /tmp/ccM6ZQyD.s 			page 3


DEFINED SYMBOLS
                            *ABS*:0000000000000000 riscv.cpp
     /tmp/ccM6ZQyD.s:9      .text:0000000000000000 _ZN5RiscV10popSppSpieEv
     /tmp/ccM6ZQyD.s:13     .text:0000000000000000 .L0 
     /tmp/ccM6ZQyD.s:14     .text:0000000000000000 .L0 
     /tmp/ccM6ZQyD.s:15     .text:0000000000000004 .L0 
     /tmp/ccM6ZQyD.s:17     .text:0000000000000008 .L0 
     /tmp/ccM6ZQyD.s:19     .text:000000000000000c .L0 
     /tmp/ccM6ZQyD.s:21     .text:000000000000000c .L0 
       src/riscv.cpp:13     .text:000000000000000c .L0 
     /tmp/ccM6ZQyD.s:27     .text:0000000000000010 .L0 
       src/riscv.cpp:14     .text:0000000000000010 .L0 
     /tmp/ccM6ZQyD.s:33     .text:0000000000000014 .L0 
     /tmp/ccM6ZQyD.s:34     .text:0000000000000018 .L0 
     /tmp/ccM6ZQyD.s:35     .text:0000000000000018 .L0 
     /tmp/ccM6ZQyD.s:37     .text:000000000000001c .L0 
     /tmp/ccM6ZQyD.s:39     .text:0000000000000020 .L0 
     /tmp/ccM6ZQyD.s:45     .text:0000000000000020 .L0 
     /tmp/ccM6ZQyD.s:345    .debug_abbrev:0000000000000000 .Ldebug_abbrev0
     /tmp/ccM6ZQyD.s:634    .debug_str:000000000000008d .LASF49
     /tmp/ccM6ZQyD.s:684    .debug_str:00000000000002ba .LASF50
     /tmp/ccM6ZQyD.s:632    .debug_str:000000000000006d .LASF51
     /tmp/ccM6ZQyD.s:5      .text:0000000000000000 .Ltext0
     /tmp/ccM6ZQyD.s:42     .text:0000000000000020 .Letext0
     /tmp/ccM6ZQyD.s:612    .debug_line:0000000000000000 .Ldebug_line0
     /tmp/ccM6ZQyD.s:680    .debug_str:0000000000000292 .LASF0
     /tmp/ccM6ZQyD.s:662    .debug_str:00000000000001fe .LASF1
     /tmp/ccM6ZQyD.s:656    .debug_str:00000000000001d4 .LASF2
     /tmp/ccM6ZQyD.s:628    .debug_str:000000000000005d .LASF4
     /tmp/ccM6ZQyD.s:660    .debug_str:00000000000001ec .LASF3
     /tmp/ccM6ZQyD.s:618    .debug_str:000000000000001c .LASF5
     /tmp/ccM6ZQyD.s:614    .debug_str:0000000000000000 .LASF6
     /tmp/ccM6ZQyD.s:646    .debug_str:0000000000000186 .LASF7
     /tmp/ccM6ZQyD.s:688    .debug_str:00000000000002e2 .LASF8
     /tmp/ccM6ZQyD.s:626    .debug_str:000000000000004f .LASF9
     /tmp/ccM6ZQyD.s:722    .debug_str:0000000000000413 .LASF10
     /tmp/ccM6ZQyD.s:652    .debug_str:00000000000001ba .LASF11
     /tmp/ccM6ZQyD.s:714    .debug_str:00000000000003d5 .LASF12
     /tmp/ccM6ZQyD.s:696    .debug_str:0000000000000333 .LASF13
     /tmp/ccM6ZQyD.s:664    .debug_str:0000000000000211 .LASF14
     /tmp/ccM6ZQyD.s:638    .debug_str:000000000000013c .LASF15
     /tmp/ccM6ZQyD.s:690    .debug_str:00000000000002f2 .LASF16
     /tmp/ccM6ZQyD.s:720    .debug_str:000000000000040d .LASF52
     /tmp/ccM6ZQyD.s:674    .debug_str:0000000000000263 .LASF17
     /tmp/ccM6ZQyD.s:698    .debug_str:0000000000000343 .LASF19
     /tmp/ccM6ZQyD.s:642    .debug_str:000000000000015e .LASF18
     /tmp/ccM6ZQyD.s:682    .debug_str:000000000000029f .LASF20
     /tmp/ccM6ZQyD.s:700    .debug_str:000000000000035b .LASF21
     /tmp/ccM6ZQyD.s:644    .debug_str:000000000000016c .LASF22
     /tmp/ccM6ZQyD.s:654    .debug_str:00000000000001c9 .LASF23
     /tmp/ccM6ZQyD.s:676    .debug_str:000000000000026e .LASF25
     /tmp/ccM6ZQyD.s:678    .debug_str:0000000000000286 .LASF27
     /tmp/ccM6ZQyD.s:712    .debug_str:00000000000003bc .LASF29
     /tmp/ccM6ZQyD.s:668    .debug_str:000000000000022a .LASF24
     /tmp/ccM6ZQyD.s:708    .debug_str:000000000000039d .LASF26
     /tmp/ccM6ZQyD.s:658    .debug_str:00000000000001e2 .LASF28
     /tmp/ccM6ZQyD.s:650    .debug_str:00000000000001a4 .LASF30
GAS LISTING /tmp/ccM6ZQyD.s 			page 4


     /tmp/ccM6ZQyD.s:710    .debug_str:00000000000003b2 .LASF31
     /tmp/ccM6ZQyD.s:692    .debug_str:0000000000000308 .LASF32
     /tmp/ccM6ZQyD.s:648    .debug_str:0000000000000199 .LASF33
     /tmp/ccM6ZQyD.s:670    .debug_str:0000000000000233 .LASF34
     /tmp/ccM6ZQyD.s:620    .debug_str:0000000000000023 .LASF35
     /tmp/ccM6ZQyD.s:672    .debug_str:000000000000024b .LASF36
     /tmp/ccM6ZQyD.s:636    .debug_str:000000000000012f .LASF37
     /tmp/ccM6ZQyD.s:686    .debug_str:00000000000002c8 .LASF38
     /tmp/ccM6ZQyD.s:640    .debug_str:0000000000000152 .LASF39
     /tmp/ccM6ZQyD.s:624    .debug_str:0000000000000036 .LASF40
     /tmp/ccM6ZQyD.s:666    .debug_str:000000000000021d .LASF41
     /tmp/ccM6ZQyD.s:704    .debug_str:000000000000037c .LASF42
     /tmp/ccM6ZQyD.s:706    .debug_str:0000000000000396 .LASF43
     /tmp/ccM6ZQyD.s:716    .debug_str:00000000000003e5 .LASF44
     /tmp/ccM6ZQyD.s:630    .debug_str:0000000000000064 .LASF45
     /tmp/ccM6ZQyD.s:718    .debug_str:00000000000003f8 .LASF46
     /tmp/ccM6ZQyD.s:622    .debug_str:000000000000002e .LASF47
     /tmp/ccM6ZQyD.s:702    .debug_str:0000000000000368 .LASF48
     /tmp/ccM6ZQyD.s:616    .debug_str:0000000000000013 .LASF53
     /tmp/ccM6ZQyD.s:694    .debug_str:000000000000031e .LASF54
     /tmp/ccM6ZQyD.s:10     .text:0000000000000000 .LFB14
     /tmp/ccM6ZQyD.s:40     .text:0000000000000020 .LFE14
     /tmp/ccM6ZQyD.s:46     .debug_info:0000000000000000 .Ldebug_info0

NO UNDEFINED SYMBOLS
